0 info it worked if it ends with ok
1 verbose cli [ 'node', '/usr/local/bin/npm', 'update', '-g', 'phonegap' ]
2 info using npm@1.4.21
3 info using node@v0.10.30
4 verbose request where is /phonegap
5 verbose request registry https://registry.npmjs.org/
6 verbose request id be2860737fed92b5
7 verbose url raw /phonegap
8 verbose url resolving [ 'https://registry.npmjs.org/', './phonegap' ]
9 verbose url resolved https://registry.npmjs.org/phonegap
10 verbose request where is https://registry.npmjs.org/phonegap
11 info trying registry request attempt 1 at 10:27:02
12 verbose etag "EEXAVDZDHQ6PQUN2FRCLCJ360"
13 http GET https://registry.npmjs.org/phonegap
14 http 200 https://registry.npmjs.org/phonegap
15 silly registry.get cb [ 200,
15 silly registry.get   { date: 'Sat, 20 Sep 2014 09:27:03 GMT',
15 silly registry.get     server: 'CouchDB/1.5.0 (Erlang OTP/R16B03)',
15 silly registry.get     etag: '"15KXTIDZS8E9XQCZ8BJ798THU"',
15 silly registry.get     'content-type': 'application/json',
15 silly registry.get     'cache-control': 'max-age=60',
15 silly registry.get     'content-length': '161742',
15 silly registry.get     'accept-ranges': 'bytes',
15 silly registry.get     via: '1.1 varnish',
15 silly registry.get     age: '3082',
15 silly registry.get     'x-served-by': 'cache-lo81-LHR',
15 silly registry.get     'x-cache': 'MISS',
15 silly registry.get     'x-cache-hits': '0',
15 silly registry.get     'x-timer': 'S1411205222.744299,VS0,VE640',
15 silly registry.get     vary: 'Accept',
15 silly registry.get     'keep-alive': 'timeout=10, max=50',
15 silly registry.get     connection: 'Keep-Alive' } ]
16 info outdated updating [ [ '/usr/local/lib',
16 info outdated     'phonegap',
16 info outdated     '3.5.0-0.20.10',
16 info outdated     '3.5.0-0.21.17',
16 info outdated     '3.5.0-0.21.17',
16 info outdated     'latest' ] ]
17 verbose install where,what [ '/usr/local/lib', [ 'phonegap@3.5.0-0.21.17' ] ]
18 verbose cache add [ 'phonegap@3.5.0-0.21.17', null ]
19 verbose cache add name=undefined spec="phonegap@3.5.0-0.21.17" args=["phonegap@3.5.0-0.21.17",null]
20 verbose parsed url { protocol: null,
20 verbose parsed url   slashes: null,
20 verbose parsed url   auth: null,
20 verbose parsed url   host: null,
20 verbose parsed url   port: null,
20 verbose parsed url   hostname: null,
20 verbose parsed url   hash: null,
20 verbose parsed url   search: null,
20 verbose parsed url   query: null,
20 verbose parsed url   pathname: 'phonegap@3.5.0-0.21.17',
20 verbose parsed url   path: 'phonegap@3.5.0-0.21.17',
20 verbose parsed url   href: 'phonegap@3.5.0-0.21.17' }
21 verbose cache add name="phonegap" spec="3.5.0-0.21.17" args=["phonegap","3.5.0-0.21.17"]
22 verbose parsed url { protocol: null,
22 verbose parsed url   slashes: null,
22 verbose parsed url   auth: null,
22 verbose parsed url   host: null,
22 verbose parsed url   port: null,
22 verbose parsed url   hostname: null,
22 verbose parsed url   hash: null,
22 verbose parsed url   search: null,
22 verbose parsed url   query: null,
22 verbose parsed url   pathname: '3.5.0-0.21.17',
22 verbose parsed url   path: '3.5.0-0.21.17',
22 verbose parsed url   href: '3.5.0-0.21.17' }
23 verbose addNamed [ 'phonegap', '3.5.0-0.21.17' ]
24 verbose addNamed [ '3.5.0-0.21.17', '3.5.0-0.21.17' ]
25 silly lockFile fe4f501f-phonegap-3-5-0-0-21-17 phonegap@3.5.0-0.21.17
26 verbose lock phonegap@3.5.0-0.21.17 /Users/macmini/.npm/fe4f501f-phonegap-3-5-0-0-21-17.lock
27 verbose registry.get https://registry.npmjs.org/phonegap not expired, no request
28 silly lockFile 300dc150-negap-phonegap-3-5-0-0-21-17-tgz https://registry.npmjs.org/phonegap/-/phonegap-3.5.0-0.21.17.tgz
29 verbose lock https://registry.npmjs.org/phonegap/-/phonegap-3.5.0-0.21.17.tgz /Users/macmini/.npm/300dc150-negap-phonegap-3-5-0-0-21-17-tgz.lock
30 verbose addRemoteTarball [ 'https://registry.npmjs.org/phonegap/-/phonegap-3.5.0-0.21.17.tgz',
30 verbose addRemoteTarball   '56c6a885abff0c5c407a61545e110ddc04a9a152' ]
31 info retry fetch attempt 1 at 10:27:03
32 verbose fetch to= /var/folders/bw/pq8dtd9s2ms9gg83gy_9kyc80000gn/T/npm-3076-PmC26hzY/registry.npmjs.org/phonegap/-/phonegap-3.5.0-0.21.17.tgz
33 http GET https://registry.npmjs.org/phonegap/-/phonegap-3.5.0-0.21.17.tgz
34 http 200 https://registry.npmjs.org/phonegap/-/phonegap-3.5.0-0.21.17.tgz
35 silly lockFile 300dc150-negap-phonegap-3-5-0-0-21-17-tgz https://registry.npmjs.org/phonegap/-/phonegap-3.5.0-0.21.17.tgz
36 silly lockFile 300dc150-negap-phonegap-3-5-0-0-21-17-tgz https://registry.npmjs.org/phonegap/-/phonegap-3.5.0-0.21.17.tgz
37 silly lockFile fe4f501f-phonegap-3-5-0-0-21-17 phonegap@3.5.0-0.21.17
38 silly lockFile fe4f501f-phonegap-3-5-0-0-21-17 phonegap@3.5.0-0.21.17
39 error Error: EACCES, mkdir '/Users/macmini/.npm/phonegap/3.5.0-0.21.17'
39 error  { [Error: EACCES, mkdir '/Users/macmini/.npm/phonegap/3.5.0-0.21.17']
39 error   errno: 3,
39 error   code: 'EACCES',
39 error   path: '/Users/macmini/.npm/phonegap/3.5.0-0.21.17' }
40 error Please try running this command again as root/Administrator.
41 error System Darwin 13.3.0
42 error command "node" "/usr/local/bin/npm" "update" "-g" "phonegap"
43 error cwd /Users/macmini/my-app
44 error node -v v0.10.30
45 error npm -v 1.4.21
46 error path /Users/macmini/.npm/phonegap/3.5.0-0.21.17
47 error code EACCES
48 error errno 3
49 error stack Error: EACCES, mkdir '/Users/macmini/.npm/phonegap/3.5.0-0.21.17'
50 verbose exit [ 3, true ]
